Environment variables:
  - =C:=C:\Users\Toshiba1\Desktop\SonarQube\Chouette\chouette-1.7.1
  - ALLUSERSPROFILE=C:\ProgramData
  - APPDATA=C:\Users\Toshiba1\AppData\Roaming
  - COMPUTERNAME=TOSHIBA
  - ComSpec=C:\WINDOWS\system32\cmd.exe
  - CommonProgramFiles=C:\Program Files\Common Files
  - CommonProgramFiles(x86)=C:\Program Files (x86)\Common Files
  - CommonProgramW6432=C:\Program Files\Common Files
  - ERROR_CODE=0
  - ESET_OPTIONS=                                                                                                                                                                                                                                                                                                                                                                                                                                                                                                                               
  - FPS_BROWSER_APP_PROFILE_STRING=Internet Explorer
  - FPS_BROWSER_USER_PROFILE_STRING=Default
  - FP_NO_HOST_CHECK=NO
  - HOMEDRIVE=C:
  - HOMEPATH=\Users\Toshiba1
  - JAVA_EXEC="C:\sonar-scanner\bin\..\jre\bin\java.exe"
  - JAVA_HOME=C:\sonar-scanner\bin\..\jre
  - LOCALAPPDATA=C:\Users\Toshiba1\AppData\Local
  - LOGONSERVER=\\TOSHIBA
  - NUMBER_OF_PROCESSORS=4
  - OS=Windows_NT
  - OneDrive=C:\Users\Toshiba1\OneDrive
  - PATHEXT=.COM;.EXE;.BAT;.CMD;.VBS;.VBE;.JS;.JSE;.WSF;.WSH;.MSC
  - PROCESSOR_ARCHITECTURE=AMD64
  - PROCESSOR_IDENTIFIER=Intel64 Family 6 Model 69 Stepping 1, GenuineIntel
  - PROCESSOR_LEVEL=6
  - PROCESSOR_REVISION=4501
  - PROJECT_HOME=C:\Users\Toshiba1\Desktop\SonarQube\Chouette\chouette-1.7.1
  - PROMPT=$P$G
  - PSModulePath=C:\WINDOWS\system32\WindowsPowerShell\v1.0\Modules\
  - PUBLIC=C:\Users\Public
  - Path=C:\ProgramData\Oracle\Java\javapath;C:\Program Files (x86)\Intel\iCLS Client\;C:\Program Files\Intel\iCLS Client\;C:\WINDOWS\system32;C:\WINDOWS;C:\WINDOWS\System32\Wbem;C:\WINDOWS\System32\WindowsPowerShell\v1.0\;C:\Program Files\Intel\Intel(R) Management Engine Components\DAL;C:\Program Files\Intel\Intel(R) Management Engine Components\IPT;C:\Program Files (x86)\Intel\Intel(R) Management Engine Components\DAL;C:\Program Files (x86)\Intel\Intel(R) Management Engine Components\IPT;C:\Users\Toshiba1\Desktop\Curso Computacion Forense\TRAINING\Labs\Cmd_line_essentials\UnxUtils\usr\local\wbin;C:\Program Files (x86)\Skype\Phone\;C:\Program Files\Java\jdk1.8.0_45\bin;C:\Users\Toshiba1\AppData\Local\Microsoft\WindowsApps;C:\sonar-scanner\bin;
  - ProgramData=C:\ProgramData
  - ProgramFiles=C:\Program Files
  - ProgramFiles(x86)=C:\Program Files (x86)
  - ProgramW6432=C:\Program Files
  - SESSIONNAME=Console
  - SONAR_SCANNER_HOME=C:\sonar-scanner\bin\..
  - SystemDrive=C:
  - SystemRoot=C:\WINDOWS
  - TEMP=C:\Users\Toshiba1\AppData\Local\Temp
  - TMP=C:\Users\Toshiba1\AppData\Local\Temp
  - USERDOMAIN=TOSHIBA
  - USERDOMAIN_ROAMINGPROFILE=TOSHIBA
  - USERNAME=Toshiba1
  - USERPROFILE=C:\Users\Toshiba1
  - scriptdir=C:\sonar-scanner\bin
  - use_embedded_jre=true
  - windir=C:\WINDOWS
System properties:
  - awt.toolkit=sun.awt.windows.WToolkit
  - file.encoding=Cp1252
  - file.encoding.pkg=sun.io
  - file.separator=\
  - java.awt.graphicsenv=sun.awt.Win32GraphicsEnvironment
  - java.awt.headless=true
  - java.awt.printerjob=sun.awt.windows.WPrinterJob
  - java.class.path=C:\sonar-scanner\bin\..\lib\sonar-scanner-cli-3.0.3.778.jar
  - java.class.version=52.0
  - java.endorsed.dirs=C:\sonar-scanner\jre\lib\endorsed
  - java.ext.dirs=C:\sonar-scanner\jre\lib\ext;C:\WINDOWS\Sun\Java\lib\ext
  - java.home=C:\sonar-scanner\jre
  - java.io.tmpdir=C:\Users\Toshiba1\AppData\Local\Temp\
  - java.library.path=C:\sonar-scanner\jre\bin;C:\WINDOWS\Sun\Java\bin;C:\WINDOWS\system32;C:\WINDOWS;C:\ProgramData\Oracle\Java\javapath;C:\Program Files (x86)\Intel\iCLS Client\;C:\Program Files\Intel\iCLS Client\;C:\WINDOWS\system32;C:\WINDOWS;C:\WINDOWS\System32\Wbem;C:\WINDOWS\System32\WindowsPowerShell\v1.0\;C:\Program Files\Intel\Intel(R) Management Engine Components\DAL;C:\Program Files\Intel\Intel(R) Management Engine Components\IPT;C:\Program Files (x86)\Intel\Intel(R) Management Engine Components\DAL;C:\Program Files (x86)\Intel\Intel(R) Management Engine Components\IPT;C:\Users\Toshiba1\Desktop\Curso Computacion Forense\TRAINING\Labs\Cmd_line_essentials\UnxUtils\usr\local\wbin;C:\Program Files (x86)\Skype\Phone\;C:\Program Files\Java\jdk1.8.0_45\bin;C:\Users\Toshiba1\AppData\Local\Microsoft\WindowsApps;C:\sonar-scanner\bin;;.
  - java.runtime.name=Java(TM) SE Runtime Environment
  - java.runtime.version=1.8.0_121-b13
  - java.specification.name=Java Platform API Specification
  - java.specification.vendor=Oracle Corporation
  - java.specification.version=1.8
  - java.vendor=Oracle Corporation
  - java.vendor.url=http://java.oracle.com/
  - java.vendor.url.bug=http://bugreport.sun.com/bugreport/
  - java.version=1.8.0_121
  - java.vm.info=mixed mode
  - java.vm.name=Java HotSpot(TM) 64-Bit Server VM
  - java.vm.specification.name=Java Virtual Machine Specification
  - java.vm.specification.vendor=Oracle Corporation
  - java.vm.specification.version=1.8
  - java.vm.vendor=Oracle Corporation
  - java.vm.version=25.121-b13
  - line.separator=

  - os.arch=amd64
  - os.name=Windows 10
  - os.version=10.0
  - path.separator=;
  - project.home=C:\Users\Toshiba1\Desktop\SonarQube\Chouette\chouette-1.7.1
  - scanner.home=C:\sonar-scanner\bin\..
  - sun.arch.data.model=64
  - sun.boot.class.path=C:\sonar-scanner\jre\lib\resources.jar;C:\sonar-scanner\jre\lib\rt.jar;C:\sonar-scanner\jre\lib\sunrsasign.jar;C:\sonar-scanner\jre\lib\jsse.jar;C:\sonar-scanner\jre\lib\jce.jar;C:\sonar-scanner\jre\lib\charsets.jar;C:\sonar-scanner\jre\lib\jfr.jar;C:\sonar-scanner\jre\classes
  - sun.boot.library.path=C:\sonar-scanner\jre\bin
  - sun.cpu.endian=little
  - sun.cpu.isalist=amd64
  - sun.desktop=windows
  - sun.io.unicode.encoding=UnicodeLittle
  - sun.java.command=org.sonarsource.scanner.cli.Main -X
  - sun.java.launcher=SUN_STANDARD
  - sun.jnu.encoding=Cp1252
  - sun.management.compiler=HotSpot 64-Bit Tiered Compilers
  - sun.os.patch.level=
  - sun.stderr.encoding=cp437
  - sun.stdout.encoding=cp437
  - user.country=CO
  - user.dir=C:\Users\Toshiba1\Desktop\SonarQube\Chouette\chouette-1.7.1
  - user.home=C:\Users\Toshiba1
  - user.language=es
  - user.name=Toshiba1
  - user.script=
  - user.timezone=America/Sao_Paulo
  - user.variant=
SonarQube plugins:
  - C# 5.10.1.1411 (csharp)
  - Python 1.7.0.1195 (python)
  - SonarJava 4.9.0.9858 (java)
  - Flex 2.3 (flex)
  - Git 1.2 (scmgit)
  - SonarXML 1.4.2.885 (xml)
  - SonarPHP 2.10.0.2087 (php)
  - SVN 1.4.0.522 (scmsvn)
  - SonarJS 3.0.0.4962 (javascript)
Global properties:
  - sonar.core.id=AVyTNclkJ746nmlvjvuq
  - sonar.core.startTime=2017-06-20T23:55:44-0300
Settings for module: org.sonarqube.Chouette1.7.1
  - sonar.projectBaseDir=C:\Users\Toshiba1\Desktop\SonarQube\Chouette\chouette-1.7.1
  - sonar.projectKey=org.sonarqube.Chouette1.7.1
  - sonar.projectName=Chouette1.7.1
  - sonar.projectVersion=1.7.1
  - sonar.sourceEncoding=UTF-8
  - sonar.sources=.
  - sonar.verbose=true
  - sonar.working.directory=C:\Users\Toshiba1\Desktop\SonarQube\Chouette\chouette-1.7.1\.scannerwork
